

================================================================
== Vivado HLS Report for 'aesl_mux_load_6_6560'
================================================================
* Date:           Tue Jun 16 15:37:13 2020

* Version:        2019.2 (Build 2704478 on Wed Nov 06 22:10:23 MST 2019)
* Project:        final
* Solution:       solution1
* Product family: zynquplus
* Target device:  xczu3eg-sbva484-1-e


================================================================
== Performance Estimates
================================================================
+ Timing: 
    * Summary: 
    +--------+----------+----------+------------+
    |  Clock |  Target  | Estimated| Uncertainty|
    +--------+----------+----------+------------+
    |ap_clk  | 10.00 ns | 8.750 ns |   1.25 ns  |
    +--------+----------+----------+------------+

+ Latency: 
    * Summary: 
    +---------+---------+-----------+-----------+-----+-----+----------+
    |  Latency (cycles) |   Latency (absolute)  |  Interval | Pipeline |
    |   min   |   max   |    min    |    max    | min | max |   Type   |
    +---------+---------+-----------+-----------+-----+-----+----------+
    |        9|        9| 90.000 ns | 90.000 ns |    1|    1| function |
    +---------+---------+-----------+-----------+-----+-----+----------+

    + Detail: 
        * Instance: 
        N/A

        * Loop: 
        N/A



================================================================
== Utilization Estimates
================================================================
* Summary: 
+-----------------+---------+-------+--------+-------+-----+
|       Name      | BRAM_18K| DSP48E|   FF   |  LUT  | URAM|
+-----------------+---------+-------+--------+-------+-----+
|DSP              |        -|      -|       -|      -|    -|
|Expression       |        -|      -|       0|    442|    -|
|FIFO             |        -|      -|       -|      -|    -|
|Instance         |        -|      -|       -|      -|    -|
|Memory           |        -|      -|       -|      -|    -|
|Multiplexer      |        -|      -|       -|     94|    -|
|Register         |        0|      -|    1997|     32|    -|
+-----------------+---------+-------+--------+-------+-----+
|Total            |        0|      0|    1997|    568|    0|
+-----------------+---------+-------+--------+-------+-----+
|Available        |      432|    360|  141120|  70560|    0|
+-----------------+---------+-------+--------+-------+-----+
|Utilization (%)  |        0|      0|       1|   ~0  |    0|
+-----------------+---------+-------+--------+-------+-----+

+ Detail: 
    * Instance: 
    N/A

    * DSP48E: 
    N/A

    * Memory: 
    N/A

    * FIFO: 
    N/A

    * Expression: 
    +----------------------------------+----------+-------+---+----+------------+------------+
    |           Variable Name          | Operation| DSP48E| FF| LUT| Bitwidth P0| Bitwidth P1|
    +----------------------------------+----------+-------+---+----+------------+------------+
    |add_ln10_fu_211_p2                |     +    |      0|  0|  71|          64|          64|
    |add_ln13_fu_201_p2                |     +    |      0|  0|  71|          64|          64|
    |add_ln16_fu_251_p2                |     +    |      0|  0|  71|          64|          64|
    |add_ln1_fu_241_p2                 |     +    |      0|  0|  71|          64|          64|
    |add_ln4_fu_231_p2                 |     +    |      0|  0|  71|          64|          64|
    |add_ln7_fu_221_p2                 |     +    |      0|  0|  71|          64|          64|
    |ap_condition_386                  |    and   |      0|  0|   2|           1|           1|
    |ap_block_pp0_stage0_11001         |    or    |      0|  0|   2|           1|           1|
    |ap_block_pp0_stage0_subdone       |    or    |      0|  0|   2|           1|           1|
    |ap_block_state2_io                |    or    |      0|  0|   2|           1|           1|
    |ap_block_state9_pp0_stage0_iter8  |    or    |      0|  0|   2|           1|           1|
    |ap_predicate_op44_readreq_state2  |    or    |      0|  0|   2|           1|           1|
    |ap_predicate_op86_read_state9     |    or    |      0|  0|   2|           1|           1|
    |ap_enable_pp0                     |    xor   |      0|  0|   2|           1|           2|
    +----------------------------------+----------+-------+---+----+------------+------------+
    |Total                             |          |      0|  0| 442|         392|         393|
    +----------------------------------+----------+-------+---+----+------------+------------+

    * Multiplexer: 
    +-----------------------------------------+----+-----------+-----+-----------+
    |                   Name                  | LUT| Input Size| Bits| Total Bits|
    +-----------------------------------------+----+-----------+-----+-----------+
    |ap_phi_mux_UnifiedRetVal_phi_fu_179_p12  |  38|          7|  256|       1792|
    |empty_21_blk_n_AR                        |   9|          2|    1|          2|
    |empty_21_blk_n_R                         |   9|          2|    1|          2|
    |m_axi_empty_21_ARADDR                    |  38|          7|   32|        224|
    +-----------------------------------------+----+-----------+-----+-----------+
    |Total                                    |  94|         18|  290|       2020|
    +-----------------------------------------+----+-----------+-----+-----------+

    * Register: 
    +-------------------------+-----+----+-----+-----------+
    |           Name          |  FF | LUT| Bits| Const Bits|
    +-------------------------+-----+----+-----+-----------+
    |add_ln10_reg_302         |   64|   0|   64|          0|
    |add_ln13_reg_297         |   64|   0|   64|          0|
    |add_ln16_reg_322         |   64|   0|   64|          0|
    |add_ln1_reg_317          |   64|   0|   64|          0|
    |add_ln4_reg_312          |   64|   0|   64|          0|
    |add_ln7_reg_307          |   64|   0|   64|          0|
    |ap_CS_fsm                |    1|   0|    1|          0|
    |ap_enable_reg_pp0_iter1  |    1|   0|    1|          0|
    |ap_enable_reg_pp0_iter2  |    1|   0|    1|          0|
    |ap_enable_reg_pp0_iter3  |    1|   0|    1|          0|
    |ap_enable_reg_pp0_iter4  |    1|   0|    1|          0|
    |ap_enable_reg_pp0_iter5  |    1|   0|    1|          0|
    |ap_enable_reg_pp0_iter6  |    1|   0|    1|          0|
    |ap_enable_reg_pp0_iter7  |    1|   0|    1|          0|
    |ap_enable_reg_pp0_iter8  |    1|   0|    1|          0|
    |ap_enable_reg_pp0_iter9  |    1|   0|    1|          0|
    |p_addr_1_read_reg_383    |  256|   0|  256|          0|
    |p_addr_2_read_reg_378    |  256|   0|  256|          0|
    |p_addr_3_read_reg_373    |  256|   0|  256|          0|
    |p_addr_4_read_reg_368    |  256|   0|  256|          0|
    |p_addr_5_read_reg_363    |  256|   0|  256|          0|
    |p_addr_read_reg_388      |  256|   0|  256|          0|
    |tmp_8617_reg_293         |    3|   0|    3|          0|
    |tmp_8617_reg_293         |   64|  32|    3|          0|
    +-------------------------+-----+----+-----+-----------+
    |Total                    | 1997|  32| 1936|          0|
    +-------------------------+-----+----+-----+-----------+



================================================================
== Interface
================================================================
* Summary: 
+-------------------------+-----+-----+------------+----------------------+--------------+
|        RTL Ports        | Dir | Bits|  Protocol  |     Source Object    |    C Type    |
+-------------------------+-----+-----+------------+----------------------+--------------+
|ap_clk                   |  in |    1| ap_ctrl_hs | aesl_mux_load_6_6560 | return value |
|ap_rst                   |  in |    1| ap_ctrl_hs | aesl_mux_load_6_6560 | return value |
|ap_start                 |  in |    1| ap_ctrl_hs | aesl_mux_load_6_6560 | return value |
|ap_done                  | out |    1| ap_ctrl_hs | aesl_mux_load_6_6560 | return value |
|ap_idle                  | out |    1| ap_ctrl_hs | aesl_mux_load_6_6560 | return value |
|ap_ready                 | out |    1| ap_ctrl_hs | aesl_mux_load_6_6560 | return value |
|ap_ce                    |  in |    1| ap_ctrl_hs | aesl_mux_load_6_6560 | return value |
|ap_return                | out |  256| ap_ctrl_hs | aesl_mux_load_6_6560 | return value |
|empty_21_blk_n_AR        | out |    1| ap_ctrl_hs | aesl_mux_load_6_6560 | return value |
|empty_21_blk_n_R         | out |    1| ap_ctrl_hs | aesl_mux_load_6_6560 | return value |
|m_axi_empty_21_AWVALID   | out |    1|    m_axi   |       empty_21       |    pointer   |
|m_axi_empty_21_AWREADY   |  in |    1|    m_axi   |       empty_21       |    pointer   |
|m_axi_empty_21_AWADDR    | out |   32|    m_axi   |       empty_21       |    pointer   |
|m_axi_empty_21_AWID      | out |    1|    m_axi   |       empty_21       |    pointer   |
|m_axi_empty_21_AWLEN     | out |   32|    m_axi   |       empty_21       |    pointer   |
|m_axi_empty_21_AWSIZE    | out |    3|    m_axi   |       empty_21       |    pointer   |
|m_axi_empty_21_AWBURST   | out |    2|    m_axi   |       empty_21       |    pointer   |
|m_axi_empty_21_AWLOCK    | out |    2|    m_axi   |       empty_21       |    pointer   |
|m_axi_empty_21_AWCACHE   | out |    4|    m_axi   |       empty_21       |    pointer   |
|m_axi_empty_21_AWPROT    | out |    3|    m_axi   |       empty_21       |    pointer   |
|m_axi_empty_21_AWQOS     | out |    4|    m_axi   |       empty_21       |    pointer   |
|m_axi_empty_21_AWREGION  | out |    4|    m_axi   |       empty_21       |    pointer   |
|m_axi_empty_21_AWUSER    | out |    1|    m_axi   |       empty_21       |    pointer   |
|m_axi_empty_21_WVALID    | out |    1|    m_axi   |       empty_21       |    pointer   |
|m_axi_empty_21_WREADY    |  in |    1|    m_axi   |       empty_21       |    pointer   |
|m_axi_empty_21_WDATA     | out |  256|    m_axi   |       empty_21       |    pointer   |
|m_axi_empty_21_WSTRB     | out |   32|    m_axi   |       empty_21       |    pointer   |
|m_axi_empty_21_WLAST     | out |    1|    m_axi   |       empty_21       |    pointer   |
|m_axi_empty_21_WID       | out |    1|    m_axi   |       empty_21       |    pointer   |
|m_axi_empty_21_WUSER     | out |    1|    m_axi   |       empty_21       |    pointer   |
|m_axi_empty_21_ARVALID   | out |    1|    m_axi   |       empty_21       |    pointer   |
|m_axi_empty_21_ARREADY   |  in |    1|    m_axi   |       empty_21       |    pointer   |
|m_axi_empty_21_ARADDR    | out |   32|    m_axi   |       empty_21       |    pointer   |
|m_axi_empty_21_ARID      | out |    1|    m_axi   |       empty_21       |    pointer   |
|m_axi_empty_21_ARLEN     | out |   32|    m_axi   |       empty_21       |    pointer   |
|m_axi_empty_21_ARSIZE    | out |    3|    m_axi   |       empty_21       |    pointer   |
|m_axi_empty_21_ARBURST   | out |    2|    m_axi   |       empty_21       |    pointer   |
|m_axi_empty_21_ARLOCK    | out |    2|    m_axi   |       empty_21       |    pointer   |
|m_axi_empty_21_ARCACHE   | out |    4|    m_axi   |       empty_21       |    pointer   |
|m_axi_empty_21_ARPROT    | out |    3|    m_axi   |       empty_21       |    pointer   |
|m_axi_empty_21_ARQOS     | out |    4|    m_axi   |       empty_21       |    pointer   |
|m_axi_empty_21_ARREGION  | out |    4|    m_axi   |       empty_21       |    pointer   |
|m_axi_empty_21_ARUSER    | out |    1|    m_axi   |       empty_21       |    pointer   |
|m_axi_empty_21_RVALID    |  in |    1|    m_axi   |       empty_21       |    pointer   |
|m_axi_empty_21_RREADY    | out |    1|    m_axi   |       empty_21       |    pointer   |
|m_axi_empty_21_RDATA     |  in |  256|    m_axi   |       empty_21       |    pointer   |
|m_axi_empty_21_RLAST     |  in |    1|    m_axi   |       empty_21       |    pointer   |
|m_axi_empty_21_RID       |  in |    1|    m_axi   |       empty_21       |    pointer   |
|m_axi_empty_21_RUSER     |  in |    1|    m_axi   |       empty_21       |    pointer   |
|m_axi_empty_21_RRESP     |  in |    2|    m_axi   |       empty_21       |    pointer   |
|m_axi_empty_21_BVALID    |  in |    1|    m_axi   |       empty_21       |    pointer   |
|m_axi_empty_21_BREADY    | out |    1|    m_axi   |       empty_21       |    pointer   |
|m_axi_empty_21_BRESP     |  in |    2|    m_axi   |       empty_21       |    pointer   |
|m_axi_empty_21_BID       |  in |    1|    m_axi   |       empty_21       |    pointer   |
|m_axi_empty_21_BUSER     |  in |    1|    m_axi   |       empty_21       |    pointer   |
|p_offset                 |  in |   27|   ap_none  |       p_offset       |    scalar    |
|p_offset1                |  in |   27|   ap_none  |       p_offset1      |    scalar    |
|p_offset2                |  in |   27|   ap_none  |       p_offset2      |    scalar    |
|p_offset3                |  in |   27|   ap_none  |       p_offset3      |    scalar    |
|p_offset4                |  in |   27|   ap_none  |       p_offset4      |    scalar    |
|p_offset5                |  in |   27|   ap_none  |       p_offset5      |    scalar    |
|empty_22                 |  in |    3|   ap_none  |       empty_22       |    scalar    |
|empty                    |  in |   32|   ap_none  |         empty        |    scalar    |
+-------------------------+-----+-----+------------+----------------------+--------------+

