

================================================================
== Vivado HLS Report for 'aload_img'
================================================================
* Date:           Tue Jun 16 15:34:03 2020

* Version:        2019.2 (Build 2704478 on Wed Nov 06 22:10:23 MST 2019)
* Project:        final
* Solution:       solution1
* Product family: zynquplus
* Target device:  xczu3eg-sbva484-1-e


================================================================
== Performance Estimates
================================================================
+ Timing: 
    * Summary: 
    +--------+----------+----------+------------+
    |  Clock |  Target  | Estimated| Uncertainty|
    +--------+----------+----------+------------+
    |ap_clk  | 10.00 ns | 8.750 ns |   1.25 ns  |
    +--------+----------+----------+------------+

+ Latency: 
    * Summary: 
    +---------+---------+----------+----------+-------+-------+---------+
    |  Latency (cycles) |  Latency (absolute) |    Interval   | Pipeline|
    |   min   |   max   |    min   |    max   |  min  |  max  |   Type  |
    +---------+---------+----------+----------+-------+-------+---------+
    |    12310|    12310| 0.123 ms | 0.123 ms |  12310|  12310|   none  |
    +---------+---------+----------+----------+-------+-------+---------+

    + Detail: 
        * Instance: 
        N/A

        * Loop: 
        +----------+---------+---------+----------+-----------+-----------+-------+----------+
        |          |  Latency (cycles) | Iteration|  Initiation Interval  |  Trip |          |
        | Loop Name|   min   |   max   |  Latency |  achieved |   target  | Count | Pipelined|
        +----------+---------+---------+----------+-----------+-----------+-------+----------+
        |- Loop 1  |    12308|    12308|        10|          1|          1|  12300|    yes   |
        +----------+---------+---------+----------+-----------+-----------+-------+----------+



================================================================
== Utilization Estimates
================================================================
* Summary: 
+-----------------+---------+-------+--------+-------+-----+
|       Name      | BRAM_18K| DSP48E|   FF   |  LUT  | URAM|
+-----------------+---------+-------+--------+-------+-----+
|DSP              |        -|      3|       -|      -|    -|
|Expression       |        -|      -|       0|   1388|    -|
|FIFO             |        -|      -|       -|      -|    -|
|Instance         |        -|      -|       -|      -|    -|
|Memory           |        -|      -|       -|      -|    -|
|Multiplexer      |        -|      -|       -|    129|    -|
|Register         |        0|      -|     740|    160|    -|
+-----------------+---------+-------+--------+-------+-----+
|Total            |        0|      3|     740|   1677|    0|
+-----------------+---------+-------+--------+-------+-----+
|Available        |      432|    360|  141120|  70560|    0|
+-----------------+---------+-------+--------+-------+-----+
|Utilization (%)  |        0|   ~0  |   ~0   |      2|    0|
+-----------------+---------+-------+--------+-------+-----+

+ Detail: 
    * Instance: 
    N/A

    * DSP48E: 
    +---------------------------+----------------------+--------------+
    |          Instance         |        Module        |  Expression  |
    +---------------------------+----------------------+--------------+
    |Thinker_mac_muladeOg_U810  |Thinker_mac_muladeOg  | i0 + i1 * i2 |
    |Thinker_mac_muladfYi_U811  |Thinker_mac_muladfYi  | i0 * i1 + i2 |
    |Thinker_mul_mul_1dEe_U809  |Thinker_mul_mul_1dEe  |    i0 * i1   |
    +---------------------------+----------------------+--------------+

    * Memory: 
    N/A

    * FIFO: 
    N/A

    * Expression: 
    +-----------------------------------+----------+-------+---+-----+------------+------------+
    |           Variable Name           | Operation| DSP48E| FF| LUT | Bitwidth P0| Bitwidth P1|
    +-----------------------------------+----------+-------+---+-----+------------+------------+
    |OFFSET_ALL_fu_392_p2               |     +    |      0|  0|   27|          20|          20|
    |add_ln44_fu_363_p2                 |     +    |      0|  0|   17|          10|          10|
    |add_ln47_fu_417_p2                 |     +    |      0|  0|   21|          14|           1|
    |add_ln52_1_fu_593_p2               |     +    |      0|  0|   20|          13|           1|
    |add_ln57_fu_488_p2                 |     +    |      0|  0|   22|          10|          15|
    |add_ln647_13_fu_526_p2             |     +    |      0|  0|   27|          20|          20|
    |add_ln647_14_fu_582_p2             |     +    |      0|  0|   35|          28|          28|
    |add_ln647_1_fu_406_p2              |     +    |      0|  0|   27|          20|          20|
    |add_ln647_fu_558_p2                |     +    |      0|  0|   28|          21|          21|
    |c_fu_423_p2                        |     +    |      0|  0|    9|           1|           2|
    |i_fu_494_p2                        |     +    |      0|  0|   15|           1|           6|
    |j_fu_587_p2                        |     +    |      0|  0|   15|           7|           1|
    |sub_ln44_fu_305_p2                 |     -    |      0|  0|   18|          11|          11|
    |and_ln339_fu_482_p2                |    and   |      0|  0|    2|           1|           1|
    |ap_block_state10_pp0_stage0_iter8  |    and   |      0|  0|    2|           1|           1|
    |ap_block_state3_io                 |    and   |      0|  0|    2|           1|           1|
    |icmp_ln47_fu_411_p2                |   icmp   |      0|  0|   13|          14|          13|
    |icmp_ln52_fu_429_p2                |   icmp   |      0|  0|   13|          13|          13|
    |icmp_ln53_fu_476_p2                |   icmp   |      0|  0|   11|           7|           7|
    |lshr_ln647_fu_640_p2               |   lshr   |      0|  0|  950|         256|         256|
    |ap_block_pp0_stage0_11001          |    or    |      0|  0|    2|           1|           1|
    |or_ln52_fu_500_p2                  |    or    |      0|  0|    2|           1|           1|
    |select_ln339_1_fu_443_p3           |  select  |      0|  0|    6|           1|           1|
    |select_ln339_2_fu_451_p3           |  select  |      0|  0|    2|           1|           2|
    |select_ln339_3_fu_463_p3           |  select  |      0|  0|   20|           1|          20|
    |select_ln339_fu_435_p3             |  select  |      0|  0|   15|           1|           1|
    |select_ln52_1_fu_518_p3            |  select  |      0|  0|    6|           1|           6|
    |select_ln52_2_fu_531_p3            |  select  |      0|  0|   20|           1|          20|
    |select_ln52_3_fu_543_p3            |  select  |      0|  0|   15|           1|          15|
    |select_ln52_4_fu_599_p3            |  select  |      0|  0|   13|           1|           1|
    |select_ln52_fu_506_p3              |  select  |      0|  0|    7|           1|           1|
    |ap_enable_pp0                      |    xor   |      0|  0|    2|           1|           2|
    |ap_enable_reg_pp0_iter1            |    xor   |      0|  0|    2|           2|           1|
    |xor_ln339_fu_470_p2                |    xor   |      0|  0|    2|           1|           2|
    +-----------------------------------+----------+-------+---+-----+------------+------------+
    |Total                              |          |      0|  0| 1388|         484|         522|
    +-----------------------------------+----------+-------+---+-----+------------+------------+

    * Multiplexer: 
    +------------------------------+----+-----------+-----+-----------+
    |             Name             | LUT| Input Size| Bits| Total Bits|
    +------------------------------+----+-----------+-----+-----------+
    |ap_NS_fsm                     |  21|          4|    1|          4|
    |ap_enable_reg_pp0_iter1       |   9|          2|    1|          2|
    |ap_enable_reg_pp0_iter9       |   9|          2|    1|          2|
    |ap_phi_mux_c_0_phi_fu_230_p4  |   9|          2|    2|          4|
    |ap_phi_mux_i_0_phi_fu_263_p4  |   9|          2|    6|         12|
    |c_0_reg_226                   |   9|          2|    2|          4|
    |i_0_reg_259                   |   9|          2|    6|         12|
    |image_port_V_blk_n_AR         |   9|          2|    1|          2|
    |image_port_V_blk_n_R          |   9|          2|    1|          2|
    |indvar_flatten29_reg_215      |   9|          2|   14|         28|
    |indvar_flatten_reg_237        |   9|          2|   13|         26|
    |j_0_reg_270                   |   9|          2|    7|         14|
    |port_pointer_0_rec_reg_248    |   9|          2|   15|         30|
    +------------------------------+----+-----------+-----+-----------+
    |Total                         | 129|         28|   70|        142|
    +------------------------------+----+-----------+-----+-----------+

    * Register: 
    +------------------------------+-----+----+-----+-----------+
    |             Name             |  FF | LUT| Bits| Const Bits|
    +------------------------------+-----+----+-----+-----------+
    |OFFSET_ALL_reg_677            |   19|   0|   20|          1|
    |add_ln647_14_reg_724          |   28|   0|   28|          0|
    |ap_CS_fsm                     |    3|   0|    3|          0|
    |ap_enable_reg_pp0_iter0       |    1|   0|    1|          0|
    |ap_enable_reg_pp0_iter1       |    1|   0|    1|          0|
    |ap_enable_reg_pp0_iter2       |    1|   0|    1|          0|
    |ap_enable_reg_pp0_iter3       |    1|   0|    1|          0|
    |ap_enable_reg_pp0_iter4       |    1|   0|    1|          0|
    |ap_enable_reg_pp0_iter5       |    1|   0|    1|          0|
    |ap_enable_reg_pp0_iter6       |    1|   0|    1|          0|
    |ap_enable_reg_pp0_iter7       |    1|   0|    1|          0|
    |ap_enable_reg_pp0_iter8       |    1|   0|    1|          0|
    |ap_enable_reg_pp0_iter9       |    1|   0|    1|          0|
    |c_0_reg_226                   |    2|   0|    2|          0|
    |i_0_reg_259                   |    6|   0|    6|          0|
    |icmp_ln47_reg_689             |    1|   0|    1|          0|
    |image_port_V_addr_re_reg_745  |  256|   0|  256|          0|
    |indvar_flatten29_reg_215      |   14|   0|   14|          0|
    |indvar_flatten_reg_237        |   13|   0|   13|          0|
    |j_0_reg_270                   |    7|   0|    7|          0|
    |port_pointer_0_rec_reg_248    |   15|   0|   15|          0|
    |select_ln339_2_reg_698        |    2|   0|    2|          0|
    |select_ln52_1_reg_708         |    6|   0|    6|          0|
    |select_ln52_reg_703           |    7|   0|    7|          0|
    |trunc_ln647_reg_719           |    4|   0|    4|          0|
    |zext_ln47_reg_684             |   27|   0|   28|          1|
    |icmp_ln47_reg_689             |   64|  32|    1|          0|
    |select_ln339_2_reg_698        |   64|  32|    2|          0|
    |select_ln52_1_reg_708         |   64|  32|    6|          0|
    |select_ln52_reg_703           |   64|  32|    7|          0|
    |trunc_ln647_reg_719           |   64|  32|    4|          0|
    +------------------------------+-----+----+-----+-----------+
    |Total                         |  740| 160|  442|          2|
    +------------------------------+-----+----+-----+-----------+



================================================================
== Interface
================================================================
* Summary: 
+-----------------------------+-----+-----+------------+---------------------+--------------+
|          RTL Ports          | Dir | Bits|  Protocol  |    Source Object    |    C Type    |
+-----------------------------+-----+-----+------------+---------------------+--------------+
|ap_clk                       |  in |    1| ap_ctrl_hs |      aload_img      | return value |
|ap_rst                       |  in |    1| ap_ctrl_hs |      aload_img      | return value |
|ap_start                     |  in |    1| ap_ctrl_hs |      aload_img      | return value |
|ap_done                      | out |    1| ap_ctrl_hs |      aload_img      | return value |
|ap_idle                      | out |    1| ap_ctrl_hs |      aload_img      | return value |
|ap_ready                     | out |    1| ap_ctrl_hs |      aload_img      | return value |
|m_axi_image_port_V_AWVALID   | out |    1|    m_axi   |     image_port_V    |    pointer   |
|m_axi_image_port_V_AWREADY   |  in |    1|    m_axi   |     image_port_V    |    pointer   |
|m_axi_image_port_V_AWADDR    | out |   32|    m_axi   |     image_port_V    |    pointer   |
|m_axi_image_port_V_AWID      | out |    1|    m_axi   |     image_port_V    |    pointer   |
|m_axi_image_port_V_AWLEN     | out |   32|    m_axi   |     image_port_V    |    pointer   |
|m_axi_image_port_V_AWSIZE    | out |    3|    m_axi   |     image_port_V    |    pointer   |
|m_axi_image_port_V_AWBURST   | out |    2|    m_axi   |     image_port_V    |    pointer   |
|m_axi_image_port_V_AWLOCK    | out |    2|    m_axi   |     image_port_V    |    pointer   |
|m_axi_image_port_V_AWCACHE   | out |    4|    m_axi   |     image_port_V    |    pointer   |
|m_axi_image_port_V_AWPROT    | out |    3|    m_axi   |     image_port_V    |    pointer   |
|m_axi_image_port_V_AWQOS     | out |    4|    m_axi   |     image_port_V    |    pointer   |
|m_axi_image_port_V_AWREGION  | out |    4|    m_axi   |     image_port_V    |    pointer   |
|m_axi_image_port_V_AWUSER    | out |    1|    m_axi   |     image_port_V    |    pointer   |
|m_axi_image_port_V_WVALID    | out |    1|    m_axi   |     image_port_V    |    pointer   |
|m_axi_image_port_V_WREADY    |  in |    1|    m_axi   |     image_port_V    |    pointer   |
|m_axi_image_port_V_WDATA     | out |  256|    m_axi   |     image_port_V    |    pointer   |
|m_axi_image_port_V_WSTRB     | out |   32|    m_axi   |     image_port_V    |    pointer   |
|m_axi_image_port_V_WLAST     | out |    1|    m_axi   |     image_port_V    |    pointer   |
|m_axi_image_port_V_WID       | out |    1|    m_axi   |     image_port_V    |    pointer   |
|m_axi_image_port_V_WUSER     | out |    1|    m_axi   |     image_port_V    |    pointer   |
|m_axi_image_port_V_ARVALID   | out |    1|    m_axi   |     image_port_V    |    pointer   |
|m_axi_image_port_V_ARREADY   |  in |    1|    m_axi   |     image_port_V    |    pointer   |
|m_axi_image_port_V_ARADDR    | out |   32|    m_axi   |     image_port_V    |    pointer   |
|m_axi_image_port_V_ARID      | out |    1|    m_axi   |     image_port_V    |    pointer   |
|m_axi_image_port_V_ARLEN     | out |   32|    m_axi   |     image_port_V    |    pointer   |
|m_axi_image_port_V_ARSIZE    | out |    3|    m_axi   |     image_port_V    |    pointer   |
|m_axi_image_port_V_ARBURST   | out |    2|    m_axi   |     image_port_V    |    pointer   |
|m_axi_image_port_V_ARLOCK    | out |    2|    m_axi   |     image_port_V    |    pointer   |
|m_axi_image_port_V_ARCACHE   | out |    4|    m_axi   |     image_port_V    |    pointer   |
|m_axi_image_port_V_ARPROT    | out |    3|    m_axi   |     image_port_V    |    pointer   |
|m_axi_image_port_V_ARQOS     | out |    4|    m_axi   |     image_port_V    |    pointer   |
|m_axi_image_port_V_ARREGION  | out |    4|    m_axi   |     image_port_V    |    pointer   |
|m_axi_image_port_V_ARUSER    | out |    1|    m_axi   |     image_port_V    |    pointer   |
|m_axi_image_port_V_RVALID    |  in |    1|    m_axi   |     image_port_V    |    pointer   |
|m_axi_image_port_V_RREADY    | out |    1|    m_axi   |     image_port_V    |    pointer   |
|m_axi_image_port_V_RDATA     |  in |  256|    m_axi   |     image_port_V    |    pointer   |
|m_axi_image_port_V_RLAST     |  in |    1|    m_axi   |     image_port_V    |    pointer   |
|m_axi_image_port_V_RID       |  in |    1|    m_axi   |     image_port_V    |    pointer   |
|m_axi_image_port_V_RUSER     |  in |    1|    m_axi   |     image_port_V    |    pointer   |
|m_axi_image_port_V_RRESP     |  in |    2|    m_axi   |     image_port_V    |    pointer   |
|m_axi_image_port_V_BVALID    |  in |    1|    m_axi   |     image_port_V    |    pointer   |
|m_axi_image_port_V_BREADY    | out |    1|    m_axi   |     image_port_V    |    pointer   |
|m_axi_image_port_V_BRESP     |  in |    2|    m_axi   |     image_port_V    |    pointer   |
|m_axi_image_port_V_BID       |  in |    1|    m_axi   |     image_port_V    |    pointer   |
|m_axi_image_port_V_BUSER     |  in |    1|    m_axi   |     image_port_V    |    pointer   |
|image_port_V_offset          |  in |   27|   ap_none  | image_port_V_offset |    scalar    |
|col                          |  in |    4|   ap_none  |         col         |    scalar    |
|row                          |  in |    4|   ap_none  |         row         |    scalar    |
|offset_h                     |  in |    1|   ap_none  |       offset_h      |    scalar    |
|offset_w                     |  in |    1|   ap_none  |       offset_w      |    scalar    |
|fm_buf1_V_0_address0         | out |   13|  ap_memory |     fm_buf1_V_0     |     array    |
|fm_buf1_V_0_ce0              | out |    1|  ap_memory |     fm_buf1_V_0     |     array    |
|fm_buf1_V_0_we0              | out |    1|  ap_memory |     fm_buf1_V_0     |     array    |
|fm_buf1_V_0_d0               | out |   13|  ap_memory |     fm_buf1_V_0     |     array    |
|fm_buf1_V_1_address0         | out |   13|  ap_memory |     fm_buf1_V_1     |     array    |
|fm_buf1_V_1_ce0              | out |    1|  ap_memory |     fm_buf1_V_1     |     array    |
|fm_buf1_V_1_we0              | out |    1|  ap_memory |     fm_buf1_V_1     |     array    |
|fm_buf1_V_1_d0               | out |   13|  ap_memory |     fm_buf1_V_1     |     array    |
|fm_buf1_V_2_address0         | out |   13|  ap_memory |     fm_buf1_V_2     |     array    |
|fm_buf1_V_2_ce0              | out |    1|  ap_memory |     fm_buf1_V_2     |     array    |
|fm_buf1_V_2_we0              | out |    1|  ap_memory |     fm_buf1_V_2     |     array    |
|fm_buf1_V_2_d0               | out |   13|  ap_memory |     fm_buf1_V_2     |     array    |
+-----------------------------+-----+-----+------------+---------------------+--------------+

